<?xml version="1.0" encoding="UTF-8"?>
<!-- Generated by org.testng.reporters.JUnitReportReporter -->
<testsuite hostname="INBOOK_X1_NEO" failures="0" tests="2" name="com.orangehrm.tests.LoginTest" time="10.417" errors="0" timestamp="2024-12-08T12:12:28 IST" skipped="1">
  <testcase classname="com.orangehrm.tests.LoginTest" name="validLoginTest" time="10.417"/>
  <testcase classname="com.orangehrm.tests.LoginTest" name="invalidLoginTest">
    <skipped/>
  </testcase> <!-- invalidLoginTest -->
</testsuite> <!-- com.orangehrm.tests.LoginTest -->
