<?xml version="1.0" encoding="UTF-8"?>
<!-- Generated by org.testng.reporters.JUnitReportReporter -->
<testsuite hostname="INBOOK_X1_NEO" failures="0" tests="2" name="com.orangehrm.tests.LoginTest" time="17.999" errors="0" timestamp="2024-12-14T11:38:00 IST" skipped="0">
  <testcase classname="com.orangehrm.tests.LoginTest" name="invalidLoginTest" time="13.599"/>
  <testcase classname="com.orangehrm.tests.LoginTest" name="validLoginTest" time="4.400"/>
</testsuite> <!-- com.orangehrm.tests.LoginTest -->
