<?xml version="1.0" encoding="UTF-8"?>
<!-- Generated by org.testng.reporters.JUnitReportReporter -->
<testsuite hostname="INBOOK_X1_NEO" failures="0" tests="1" name="com.orangehrm.tests.DashboardTest" time="5.159" errors="0" timestamp="2024-12-08T12:12:28 IST" skipped="0">
  <testcase classname="com.orangehrm.tests.DashboardTest" name="logoutTest" time="5.159"/>
</testsuite> <!-- com.orangehrm.tests.DashboardTest -->
