<?xml version="1.0" encoding="UTF-8"?>
<!-- Generated by org.testng.reporters.JUnitReportReporter -->
<testsuite hostname="INBOOK_X1_NEO" failures="0" tests="1" name="com.orangehrm.tests.AdminTest" time="44.706" errors="0" timestamp="2024-12-16T19:32:08 IST" skipped="0">
  <testcase classname="com.orangehrm.tests.AdminTest" name="dropdownSelection" time="44.706"/>
</testsuite> <!-- com.orangehrm.tests.AdminTest -->
