<?xml version="1.0" encoding="UTF-8"?>
<!-- Generated by org.testng.reporters.JUnitReportReporter -->
<testsuite hostname="INBOOK_X1_NEO" failures="0" tests="1" name="com.orangehrm.tests.LoginTest" time="63.705" errors="0" timestamp="2025-08-02T19:14:05 IST" skipped="0">
  <testcase classname="com.orangehrm.tests.LoginTest" name="validLoginTest" time="63.705"/>
</testsuite> <!-- com.orangehrm.tests.LoginTest -->
