<?xml version="1.0" encoding="UTF-8"?>
<!-- Generated by org.testng.reporters.JUnitReportReporter -->
<testsuite hostname="INBOOK_X1_NEO" failures="0" tests="1" name="com.orangehrm.tests.AdminTest" time="4.450" errors="0" timestamp="2025-08-09T20:05:05 IST" skipped="0">
  <testcase classname="com.orangehrm.tests.AdminTest" name="dropdownSelection" time="4.450"/>
</testsuite> <!-- com.orangehrm.tests.AdminTest -->
