<?xml version="1.0" encoding="UTF-8"?>
<!-- Generated by org.testng.reporters.JUnitReportReporter -->
<testsuite hostname="INBOOK_X1_NEO" failures="0" tests="1" name="com.orangehrm.tests.DashboardTest" time="4.368" errors="0" timestamp="2024-12-14T11:38:00 IST" skipped="0">
  <testcase classname="com.orangehrm.tests.DashboardTest" name="logoutTest" time="4.368"/>
</testsuite> <!-- com.orangehrm.tests.DashboardTest -->
